  [1m[35m (6.6ms)[0m  [1m[34mSELECT pg_try_advisory_lock(6835469566630085430)[0m
  [1m[36mActiveRecord::SchemaMigration Pluck (22.2ms)[0m  [1m[34mSELECT "schema_migrations"."version" FROM "schema_migrations" ORDER BY "schema_migrations"."version" ASC[0m
Migrating to CreateGreetings (20220920021427)
  [1m[36mTRANSACTION (0.1ms)[0m  [1m[35mBEGIN[0m
  [1m[35m (8.3ms)[0m  [1m[35mCREATE TABLE "greetings" ("id" bigserial primary key, "message" character varying, "created_at" timestamp(6) NOT NULL, "updated_at" timestamp(6) NOT NULL)[0m
  [1m[36mTRANSACTION (0.1ms)[0m  [1m[31mROLLBACK[0m
  [1m[35m (0.3ms)[0m  [1m[34mSELECT pg_advisory_unlock(6835469566630085430)[0m
  [1m[36mActiveRecord::SchemaMigration Pluck (1.0ms)[0m  [1m[34mSELECT "schema_migrations"."version" FROM "schema_migrations" ORDER BY "schema_migrations"."version" ASC[0m
  [1m[36mActiveRecord::InternalMetadata Pluck (0.5ms)[0m  [1m[34mSELECT "ar_internal_metadata"."value" FROM "ar_internal_metadata" WHERE "ar_internal_metadata"."key" = $1 LIMIT $2[0m  [["key", "environment"], ["LIMIT", 1]]
  [1m[36mActiveRecord::SchemaMigration Pluck (0.1ms)[0m  [1m[34mSELECT "schema_migrations"."version" FROM "schema_migrations" ORDER BY "schema_migrations"."version" ASC[0m
  [1m[36mActiveRecord::InternalMetadata Pluck (0.1ms)[0m  [1m[34mSELECT "ar_internal_metadata"."value" FROM "ar_internal_metadata" WHERE "ar_internal_metadata"."key" = $1 LIMIT $2[0m  [["key", "environment"], ["LIMIT", 1]]
  [1m[36mActiveRecord::SchemaMigration Pluck (0.2ms)[0m  [1m[34mSELECT "schema_migrations"."version" FROM "schema_migrations" ORDER BY "schema_migrations"."version" ASC[0m
  [1m[36mActiveRecord::InternalMetadata Pluck (0.2ms)[0m  [1m[34mSELECT "ar_internal_metadata"."value" FROM "ar_internal_metadata" WHERE "ar_internal_metadata"."key" = $1 LIMIT $2[0m  [["key", "environment"], ["LIMIT", 1]]
  [1m[35m (54.6ms)[0m  [1m[35mDROP DATABASE IF EXISTS "hello_rails_react_development"[0m
  [1m[35m (44.3ms)[0m  [1m[35mDROP DATABASE IF EXISTS "hello_rails_react_test"[0m
  [1m[35m (169.4ms)[0m  [1m[35mCREATE DATABASE "hello_rails_react_development" ENCODING = 'unicode'[0m
  [1m[35m (77.6ms)[0m  [1m[35mCREATE DATABASE "hello_rails_react_test" ENCODING = 'unicode'[0m
  [1m[35m (15.7ms)[0m  [1m[35mCREATE TABLE "schema_migrations" ("version" character varying NOT NULL PRIMARY KEY)[0m
  [1m[35m (6.3ms)[0m  [1m[35mCREATE TABLE "ar_internal_metadata" ("key" character varying NOT NULL PRIMARY KEY, "value" character varying, "created_at" timestamp(6) NOT NULL, "updated_at" timestamp(6) NOT NULL)[0m
  [1m[35m (0.6ms)[0m  [1m[34mSELECT pg_try_advisory_lock(6835469566630085430)[0m
  [1m[36mActiveRecord::SchemaMigration Pluck (0.5ms)[0m  [1m[34mSELECT "schema_migrations"."version" FROM "schema_migrations" ORDER BY "schema_migrations"."version" ASC[0m
Migrating to CreateGreetings (20220920021427)
  [1m[36mTRANSACTION (0.1ms)[0m  [1m[35mBEGIN[0m
  [1m[35m (8.0ms)[0m  [1m[35mCREATE TABLE "greetings" ("id" bigserial primary key, "message" character varying, "created_at" timestamp(6) NOT NULL, "updated_at" timestamp(6) NOT NULL)[0m
  [1m[36mActiveRecord::SchemaMigration Create (0.5ms)[0m  [1m[32mINSERT INTO "schema_migrations" ("version") VALUES ($1) RETURNING "version"[0m  [["version", "20220920021427"]]
  [1m[36mTRANSACTION (0.6ms)[0m  [1m[35mCOMMIT[0m
  [1m[36mActiveRecord::InternalMetadata Load (0.2ms)[0m  [1m[34mSELECT "ar_internal_metadata".* FROM "ar_internal_metadata" WHERE "ar_internal_metadata"."key" = $1 LIMIT $2[0m  [["key", "environment"], ["LIMIT", 1]]
  [1m[36mTRANSACTION (0.2ms)[0m  [1m[35mBEGIN[0m
  [1m[36mActiveRecord::InternalMetadata Create (0.8ms)[0m  [1m[32mINSERT INTO "ar_internal_metadata" ("key", "value", "created_at", "updated_at") VALUES ($1, $2, $3, $4) RETURNING "key"[0m  [["key", "environment"], ["value", "development"], ["created_at", "2022-09-20 02:16:58.772574"], ["updated_at", "2022-09-20 02:16:58.772574"]]
  [1m[36mTRANSACTION (0.2ms)[0m  [1m[35mCOMMIT[0m
  [1m[35m (0.4ms)[0m  [1m[34mSELECT pg_advisory_unlock(6835469566630085430)[0m
  [1m[36mActiveRecord::SchemaMigration Pluck (0.9ms)[0m  [1m[34mSELECT "schema_migrations"."version" FROM "schema_migrations" ORDER BY "schema_migrations"."version" ASC[0m
Started GET "/" for ::1 at 2022-09-20 03:17:45 +0100
  [1m[36mActiveRecord::SchemaMigration Pluck (0.6ms)[0m  [1m[34mSELECT "schema_migrations"."version" FROM "schema_migrations" ORDER BY "schema_migrations"."version" ASC[0m
Processing by Rails::WelcomeController#index as HTML
  Rendering /Users/stanleymartialsimeon/.gem/gems/railties-7.0.4/lib/rails/templates/rails/welcome/index.html.erb
  Rendered /Users/stanleymartialsimeon/.gem/gems/railties-7.0.4/lib/rails/templates/rails/welcome/index.html.erb (Duration: 6.0ms | Allocations: 635)
Completed 200 OK in 28ms (Views: 16.1ms | ActiveRecord: 0.0ms | Allocations: 5031)


Started GET "/" for ::1 at 2022-09-20 03:17:47 +0100
Processing by Rails::WelcomeController#index as HTML
  Rendering /Users/stanleymartialsimeon/.gem/gems/railties-7.0.4/lib/rails/templates/rails/welcome/index.html.erb
  Rendered /Users/stanleymartialsimeon/.gem/gems/railties-7.0.4/lib/rails/templates/rails/welcome/index.html.erb (Duration: 4.8ms | Allocations: 297)
Completed 200 OK in 9ms (Views: 7.4ms | ActiveRecord: 0.0ms | Allocations: 997)


Started GET "/" for ::1 at 2022-09-20 03:17:52 +0100
  
ArgumentError (Missing :controller key on routes definition, please check your routes.):
  
config/routes.rb:2:in `block in <main>'
config/routes.rb:1:in `<main>'
Started GET "/" for ::1 at 2022-09-20 03:18:44 +0100
Processing by GreetingsController#index as HTML
  Rendering layout layouts/application.html.erb
  Rendering greetings/index.html.erb within layouts/application
  Rendered greetings/index.html.erb within layouts/application (Duration: 0.9ms | Allocations: 120)
  Rendered layout layouts/application.html.erb (Duration: 359.3ms | Allocations: 64223)
Completed 500 Internal Server Error in 363ms (ActiveRecord: 0.0ms | Allocations: 65134)


  
ActionView::Template::Error (The asset "application.js" is not present in the asset pipeline.
):
     7:     <%= csp_meta_tag %>
     8: 
     9:     <%= stylesheet_link_tag "application", "data-turbo-track": "reload" %>
    10:     <%= javascript_include_tag "application", "data-turbo-track": "reload", defer: true %>
    11:   </head>
    12: 
    13:   <body>
  
app/views/layouts/application.html.erb:10
Started GET "/" for ::1 at 2022-09-20 03:18:45 +0100
Processing by GreetingsController#index as HTML
  Rendering layout layouts/application.html.erb
  Rendering greetings/index.html.erb within layouts/application
  Rendered greetings/index.html.erb within layouts/application (Duration: 0.0ms | Allocations: 7)
  Rendered layout layouts/application.html.erb (Duration: 4.2ms | Allocations: 3917)
Completed 500 Internal Server Error in 5ms (ActiveRecord: 0.0ms | Allocations: 4291)


  
ActionView::Template::Error (The asset "application.js" is not present in the asset pipeline.
):
     7:     <%= csp_meta_tag %>
     8: 
     9:     <%= stylesheet_link_tag "application", "data-turbo-track": "reload" %>
    10:     <%= javascript_include_tag "application", "data-turbo-track": "reload", defer: true %>
    11:   </head>
    12: 
    13:   <body>
  
app/views/layouts/application.html.erb:10
Started GET "/" for ::1 at 2022-09-20 03:18:46 +0100
Processing by GreetingsController#index as HTML
  Rendering layout layouts/application.html.erb
  Rendering greetings/index.html.erb within layouts/application
  Rendered greetings/index.html.erb within layouts/application (Duration: 0.0ms | Allocations: 7)
  Rendered layout layouts/application.html.erb (Duration: 7.7ms | Allocations: 9981)
Completed 500 Internal Server Error in 10ms (ActiveRecord: 0.0ms | Allocations: 11067)


  
ActionView::Template::Error (The asset "application.js" is not present in the asset pipeline.
):
     7:     <%= csp_meta_tag %>
     8: 
     9:     <%= stylesheet_link_tag "application", "data-turbo-track": "reload" %>
    10:     <%= javascript_include_tag "application", "data-turbo-track": "reload", defer: true %>
    11:   </head>
    12: 
    13:   <body>
  
app/views/layouts/application.html.erb:10
Started GET "/" for ::1 at 2022-09-20 03:18:47 +0100
Processing by GreetingsController#index as HTML
  Rendering layout layouts/application.html.erb
  Rendering greetings/index.html.erb within layouts/application
  Rendered greetings/index.html.erb within layouts/application (Duration: 0.1ms | Allocations: 7)
  Rendered layout layouts/application.html.erb (Duration: 10.4ms | Allocations: 3154)
Completed 500 Internal Server Error in 12ms (ActiveRecord: 0.0ms | Allocations: 3365)


  
ActionView::Template::Error (The asset "application.js" is not present in the asset pipeline.
):
     7:     <%= csp_meta_tag %>
     8: 
     9:     <%= stylesheet_link_tag "application", "data-turbo-track": "reload" %>
    10:     <%= javascript_include_tag "application", "data-turbo-track": "reload", defer: true %>
    11:   </head>
    12: 
    13:   <body>
  
app/views/layouts/application.html.erb:10
Started GET "/" for ::1 at 2022-09-20 03:19:25 +0100
Processing by GreetingsController#index as HTML
  Rendering layout layouts/application.html.erb
  Rendering greetings/index.html.erb within layouts/application
  Rendered greetings/index.html.erb within layouts/application (Duration: 0.2ms | Allocations: 7)
  Rendered layout layouts/application.html.erb (Duration: 12.3ms | Allocations: 3156)
Completed 500 Internal Server Error in 16ms (ActiveRecord: 0.0ms | Allocations: 3373)


  
ActionView::Template::Error (The asset "application.js" is not present in the asset pipeline.
):
     7:     <%= csp_meta_tag %>
     8: 
     9:     <%= stylesheet_link_tag "application", "data-turbo-track": "reload" %>
    10:     <%= javascript_include_tag "application", "data-turbo-track": "reload", defer: true %>
    11:   </head>
    12: 
    13:   <body>
  
app/views/layouts/application.html.erb:10
Started GET "/" for ::1 at 2022-09-20 03:19:26 +0100
Processing by GreetingsController#index as HTML
  Rendering layout layouts/application.html.erb
  Rendering greetings/index.html.erb within layouts/application
  Rendered greetings/index.html.erb within layouts/application (Duration: 0.0ms | Allocations: 7)
  Rendered layout layouts/application.html.erb (Duration: 6.0ms | Allocations: 4450)
Completed 500 Internal Server Error in 7ms (ActiveRecord: 0.0ms | Allocations: 5148)


  
ActionView::Template::Error (The asset "application.js" is not present in the asset pipeline.
):
     7:     <%= csp_meta_tag %>
     8: 
     9:     <%= stylesheet_link_tag "application", "data-turbo-track": "reload" %>
    10:     <%= javascript_include_tag "application", "data-turbo-track": "reload", defer: true %>
    11:   </head>
    12: 
    13:   <body>
  
app/views/layouts/application.html.erb:10
Started GET "/" for ::1 at 2022-09-20 03:19:26 +0100
Processing by GreetingsController#index as HTML
  Rendering layout layouts/application.html.erb
  Rendering greetings/index.html.erb within layouts/application
  Rendered greetings/index.html.erb within layouts/application (Duration: 0.1ms | Allocations: 7)
  Rendered layout layouts/application.html.erb (Duration: 6.1ms | Allocations: 3152)
Completed 500 Internal Server Error in 8ms (ActiveRecord: 0.0ms | Allocations: 3363)


  
ActionView::Template::Error (The asset "application.js" is not present in the asset pipeline.
):
     7:     <%= csp_meta_tag %>
     8: 
     9:     <%= stylesheet_link_tag "application", "data-turbo-track": "reload" %>
    10:     <%= javascript_include_tag "application", "data-turbo-track": "reload", defer: true %>
    11:   </head>
    12: 
    13:   <body>
  
app/views/layouts/application.html.erb:10
Started GET "/" for ::1 at 2022-09-20 03:19:27 +0100
Processing by GreetingsController#index as HTML
  Rendering layout layouts/application.html.erb
  Rendering greetings/index.html.erb within layouts/application
  Rendered greetings/index.html.erb within layouts/application (Duration: 0.0ms | Allocations: 7)
  Rendered layout layouts/application.html.erb (Duration: 6.4ms | Allocations: 6166)
Completed 500 Internal Server Error in 8ms (ActiveRecord: 0.0ms | Allocations: 7504)


  
ActionView::Template::Error (The asset "application.js" is not present in the asset pipeline.
):
     7:     <%= csp_meta_tag %>
     8: 
     9:     <%= stylesheet_link_tag "application", "data-turbo-track": "reload" %>
    10:     <%= javascript_include_tag "application", "data-turbo-track": "reload", defer: true %>
    11:   </head>
    12: 
    13:   <body>
  
app/views/layouts/application.html.erb:10
Started GET "/" for ::1 at 2022-09-20 03:19:28 +0100
Processing by GreetingsController#index as HTML
  Rendering layout layouts/application.html.erb
  Rendering greetings/index.html.erb within layouts/application
  Rendered greetings/index.html.erb within layouts/application (Duration: 0.1ms | Allocations: 7)
  Rendered layout layouts/application.html.erb (Duration: 12.3ms | Allocations: 3154)
Completed 500 Internal Server Error in 14ms (ActiveRecord: 0.0ms | Allocations: 3365)


  
ActionView::Template::Error (The asset "application.js" is not present in the asset pipeline.
):
     7:     <%= csp_meta_tag %>
     8: 
     9:     <%= stylesheet_link_tag "application", "data-turbo-track": "reload" %>
    10:     <%= javascript_include_tag "application", "data-turbo-track": "reload", defer: true %>
    11:   </head>
    12: 
    13:   <body>
  
app/views/layouts/application.html.erb:10
Started GET "/" for ::1 at 2022-09-20 03:19:45 +0100
Processing by GreetingsController#index as HTML
  Rendering layout layouts/application.html.erb
  Rendering greetings/index.html.erb within layouts/application
  Rendered greetings/index.html.erb within layouts/application (Duration: 0.2ms | Allocations: 7)
  Rendered layout layouts/application.html.erb (Duration: 15.6ms | Allocations: 3154)
Completed 500 Internal Server Error in 21ms (ActiveRecord: 0.0ms | Allocations: 3365)


  
ActionView::Template::Error (The asset "application.js" is not present in the asset pipeline.
):
     7:     <%= csp_meta_tag %>
     8: 
     9:     <%= stylesheet_link_tag "application", "data-turbo-track": "reload" %>
    10:     <%= javascript_include_tag "application", "data-turbo-track": "reload", defer: true %>
    11:   </head>
    12: 
    13:   <body>
  
app/views/layouts/application.html.erb:10
Started GET "/" for ::1 at 2022-09-20 03:19:45 +0100
Processing by GreetingsController#index as HTML
  Rendering layout layouts/application.html.erb
  Rendering greetings/index.html.erb within layouts/application
  Rendered greetings/index.html.erb within layouts/application (Duration: 0.1ms | Allocations: 7)
  Rendered layout layouts/application.html.erb (Duration: 9.8ms | Allocations: 3154)
Completed 500 Internal Server Error in 11ms (ActiveRecord: 0.0ms | Allocations: 3365)


  
ActionView::Template::Error (The asset "application.js" is not present in the asset pipeline.
):
     7:     <%= csp_meta_tag %>
     8: 
     9:     <%= stylesheet_link_tag "application", "data-turbo-track": "reload" %>
    10:     <%= javascript_include_tag "application", "data-turbo-track": "reload", defer: true %>
    11:   </head>
    12: 
    13:   <body>
  
app/views/layouts/application.html.erb:10
Started GET "/" for ::1 at 2022-09-20 03:19:46 +0100
Processing by GreetingsController#index as HTML
  Rendering layout layouts/application.html.erb
  Rendering greetings/index.html.erb within layouts/application
  Rendered greetings/index.html.erb within layouts/application (Duration: 0.0ms | Allocations: 7)
  Rendered layout layouts/application.html.erb (Duration: 6.9ms | Allocations: 7660)
Completed 500 Internal Server Error in 8ms (ActiveRecord: 0.0ms | Allocations: 8008)


  
ActionView::Template::Error (The asset "application.js" is not present in the asset pipeline.
):
     7:     <%= csp_meta_tag %>
     8: 
     9:     <%= stylesheet_link_tag "application", "data-turbo-track": "reload" %>
    10:     <%= javascript_include_tag "application", "data-turbo-track": "reload", defer: true %>
    11:   </head>
    12: 
    13:   <body>
  
app/views/layouts/application.html.erb:10
Started GET "/" for ::1 at 2022-09-20 03:19:46 +0100
Processing by GreetingsController#index as HTML
  Rendering layout layouts/application.html.erb
  Rendering greetings/index.html.erb within layouts/application
  Rendered greetings/index.html.erb within layouts/application (Duration: 0.0ms | Allocations: 7)
  Rendered layout layouts/application.html.erb (Duration: 86.8ms | Allocations: 19472)
Completed 500 Internal Server Error in 88ms (ActiveRecord: 0.0ms | Allocations: 19704)


  
ActionView::Template::Error (The asset "application.js" is not present in the asset pipeline.
):
     7:     <%= csp_meta_tag %>
     8: 
     9:     <%= stylesheet_link_tag "application", "data-turbo-track": "reload" %>
    10:     <%= javascript_include_tag "application", "data-turbo-track": "reload", defer: true %>
    11:   </head>
    12: 
    13:   <body>
  
app/views/layouts/application.html.erb:10
Started GET "/" for ::1 at 2022-09-20 03:20:23 +0100
Processing by GreetingsController#index as HTML
  Rendering layout layouts/application.html.erb
  Rendering greetings/index.html.erb within layouts/application
  Rendered greetings/index.html.erb within layouts/application (Duration: 1.4ms | Allocations: 123)
  Rendered layout layouts/application.html.erb (Duration: 8.7ms | Allocations: 1763)
Completed 200 OK in 19ms (Views: 16.9ms | ActiveRecord: 0.0ms | Allocations: 2571)


Started GET "/" for ::1 at 2022-09-20 03:20:23 +0100
Processing by GreetingsController#index as HTML
  Rendering layout layouts/application.html.erb
  Rendering greetings/index.html.erb within layouts/application
  Rendered greetings/index.html.erb within layouts/application (Duration: 0.1ms | Allocations: 7)
  Rendered layout layouts/application.html.erb (Duration: 6.8ms | Allocations: 1335)
Completed 200 OK in 9ms (Views: 8.0ms | ActiveRecord: 0.0ms | Allocations: 1589)


Started GET "/" for ::1 at 2022-09-20 03:23:22 +0100
Processing by GreetingsController#index as HTML
  Rendering layout layouts/application.html.erb
  Rendering greetings/index.html.erb within layouts/application
  Rendered greetings/index.html.erb within layouts/application (Duration: 1.6ms | Allocations: 122)
  Rendered layout layouts/application.html.erb (Duration: 52.5ms | Allocations: 6471)
Completed 500 Internal Server Error in 61ms (ActiveRecord: 0.0ms | Allocations: 7244)


  
ActionView::Template::Error (undefined local variable or method `javascript_importmap_tag' for #<ActionView::Base:0x00000000010810>

    '.freeze;@output_buffer.append=( javascript_importmap_tag );@output_buffer.safe_append='
                                     ^^^^^^^^^^^^^^^^^^^^^^^^
Did you mean?  javascript_tag):
     7:     <%= csp_meta_tag %>
     8: 
     9:     <%= stylesheet_link_tag "application", "data-turbo-track": "reload" %>
    10:     <%= javascript_importmap_tag %>
    11:     <%= javascript_pack_tag "application", "data-turbo-track": "reload" %>
    12:   </head>
    13: 
  
app/views/layouts/application.html.erb:10
Started GET "/" for ::1 at 2022-09-20 03:23:23 +0100
Processing by GreetingsController#index as HTML
  Rendering layout layouts/application.html.erb
  Rendering greetings/index.html.erb within layouts/application
  Rendered greetings/index.html.erb within layouts/application (Duration: 0.1ms | Allocations: 7)
  Rendered layout layouts/application.html.erb (Duration: 33.3ms | Allocations: 5770)
Completed 500 Internal Server Error in 34ms (ActiveRecord: 0.0ms | Allocations: 5999)


  
ActionView::Template::Error (undefined local variable or method `javascript_importmap_tag' for #<ActionView::Base:0x00000000010ae0>

    '.freeze;@output_buffer.append=( javascript_importmap_tag );@output_buffer.safe_append='
                                     ^^^^^^^^^^^^^^^^^^^^^^^^
Did you mean?  javascript_tag):
     7:     <%= csp_meta_tag %>
     8: 
     9:     <%= stylesheet_link_tag "application", "data-turbo-track": "reload" %>
    10:     <%= javascript_importmap_tag %>
    11:     <%= javascript_pack_tag "application", "data-turbo-track": "reload" %>
    12:   </head>
    13: 
  
app/views/layouts/application.html.erb:10
Started GET "/" for ::1 at 2022-09-20 03:23:24 +0100
Processing by GreetingsController#index as HTML
  Rendering layout layouts/application.html.erb
  Rendering greetings/index.html.erb within layouts/application
  Rendered greetings/index.html.erb within layouts/application (Duration: 0.1ms | Allocations: 7)
  Rendered layout layouts/application.html.erb (Duration: 34.9ms | Allocations: 5770)
Completed 500 Internal Server Error in 36ms (ActiveRecord: 0.0ms | Allocations: 5981)


  
ActionView::Template::Error (undefined local variable or method `javascript_importmap_tag' for #<ActionView::Base:0x00000000010db0>

    '.freeze;@output_buffer.append=( javascript_importmap_tag );@output_buffer.safe_append='
                                     ^^^^^^^^^^^^^^^^^^^^^^^^
Did you mean?  javascript_tag):
     7:     <%= csp_meta_tag %>
     8: 
     9:     <%= stylesheet_link_tag "application", "data-turbo-track": "reload" %>
    10:     <%= javascript_importmap_tag %>
    11:     <%= javascript_pack_tag "application", "data-turbo-track": "reload" %>
    12:   </head>
    13: 
  
app/views/layouts/application.html.erb:10
Started GET "/" for ::1 at 2022-09-20 03:23:32 +0100
Processing by GreetingsController#index as HTML
  Rendering layout layouts/application.html.erb
  Rendering greetings/index.html.erb within layouts/application
  Rendered greetings/index.html.erb within layouts/application (Duration: 2.0ms | Allocations: 122)
  Rendered layout layouts/application.html.erb (Duration: 56.9ms | Allocations: 6397)
Completed 500 Internal Server Error in 67ms (ActiveRecord: 0.0ms | Allocations: 7162)


  
ActionView::Template::Error (undefined local variable or method `javascript_importmap_tags' for #<ActionView::Base:0x000000000110d0>

    '.freeze;@output_buffer.append=( javascript_importmap_tags );@output_buffer.safe_append='
                                     ^^^^^^^^^^^^^^^^^^^^^^^^^
Did you mean?  javascript_tag):
     7:     <%= csp_meta_tag %>
     8: 
     9:     <%= stylesheet_link_tag "application", "data-turbo-track": "reload" %>
    10:     <%= javascript_importmap_tags %>
    11:     <%= javascript_pack_tag "application", "data-turbo-track": "reload" %>
    12:   </head>
    13: 
  
app/views/layouts/application.html.erb:10
Started GET "/" for ::1 at 2022-09-20 03:23:33 +0100
Processing by GreetingsController#index as HTML
  Rendering layout layouts/application.html.erb
  Rendering greetings/index.html.erb within layouts/application
  Rendered greetings/index.html.erb within layouts/application (Duration: 0.1ms | Allocations: 7)
  Rendered layout layouts/application.html.erb (Duration: 33.1ms | Allocations: 5768)
Completed 500 Internal Server Error in 37ms (ActiveRecord: 0.0ms | Allocations: 5997)


  
ActionView::Template::Error (undefined local variable or method `javascript_importmap_tags' for #<ActionView::Base:0x000000000113a0>

    '.freeze;@output_buffer.append=( javascript_importmap_tags );@output_buffer.safe_append='
                                     ^^^^^^^^^^^^^^^^^^^^^^^^^
Did you mean?  javascript_tag):
     7:     <%= csp_meta_tag %>
     8: 
     9:     <%= stylesheet_link_tag "application", "data-turbo-track": "reload" %>
    10:     <%= javascript_importmap_tags %>
    11:     <%= javascript_pack_tag "application", "data-turbo-track": "reload" %>
    12:   </head>
    13: 
  
app/views/layouts/application.html.erb:10
Started GET "/" for ::1 at 2022-09-20 03:23:34 +0100
Processing by GreetingsController#index as HTML
  Rendering layout layouts/application.html.erb
  Rendering greetings/index.html.erb within layouts/application
  Rendered greetings/index.html.erb within layouts/application (Duration: 0.0ms | Allocations: 7)
  Rendered layout layouts/application.html.erb (Duration: 27.4ms | Allocations: 5766)
Completed 500 Internal Server Error in 28ms (ActiveRecord: 0.0ms | Allocations: 5977)


  
ActionView::Template::Error (undefined local variable or method `javascript_importmap_tags' for #<ActionView::Base:0x00000000011670>

    '.freeze;@output_buffer.append=( javascript_importmap_tags );@output_buffer.safe_append='
                                     ^^^^^^^^^^^^^^^^^^^^^^^^^
Did you mean?  javascript_tag):
     7:     <%= csp_meta_tag %>
     8: 
     9:     <%= stylesheet_link_tag "application", "data-turbo-track": "reload" %>
    10:     <%= javascript_importmap_tags %>
    11:     <%= javascript_pack_tag "application", "data-turbo-track": "reload" %>
    12:   </head>
    13: 
  
app/views/layouts/application.html.erb:10
Started GET "/" for ::1 at 2022-09-20 03:23:55 +0100
Processing by GreetingsController#index as HTML
  Rendering layout layouts/application.html.erb
  Rendering greetings/index.html.erb within layouts/application
  Rendered greetings/index.html.erb within layouts/application (Duration: 1.7ms | Allocations: 122)
  Rendered layout layouts/application.html.erb (Duration: 36.6ms | Allocations: 6145)
Completed 500 Internal Server Error in 47ms (Allocations: 6905)


  
ActionView::Template::Error (undefined method `javascript_pack_tag' for #<ActionView::Base:0x000000000119b8>

    '.freeze;@output_buffer.append=( javascript_pack_tag "application", "data-turbo-track": "reload" );@output_buffer.safe_append='
                                     ^^^^^^^^^^^^^^^^^^^
Did you mean?  javascript_path
               javascript_tag):
     8: 
     9:     <%= stylesheet_link_tag "application", "data-turbo-track": "reload" %>
    10:     <%# <%= javascript_importmap_tags %> %>
    11:     <%= javascript_pack_tag "application", "data-turbo-track": "reload" %>
    12:   </head>
    13: 
    14:   <body>
  
app/views/layouts/application.html.erb:11
Started GET "/" for ::1 at 2022-09-20 03:23:56 +0100
Processing by GreetingsController#index as HTML
  Rendering layout layouts/application.html.erb
  Rendering greetings/index.html.erb within layouts/application
  Rendered greetings/index.html.erb within layouts/application (Duration: 0.3ms | Allocations: 7)
  Rendered layout layouts/application.html.erb (Duration: 32.9ms | Allocations: 5488)
Completed 500 Internal Server Error in 34ms (Allocations: 5714)


  
ActionView::Template::Error (undefined method `javascript_pack_tag' for #<ActionView::Base:0x00000000011cd8>

    '.freeze;@output_buffer.append=( javascript_pack_tag "application", "data-turbo-track": "reload" );@output_buffer.safe_append='
                                     ^^^^^^^^^^^^^^^^^^^
Did you mean?  javascript_path
               javascript_tag):
     8: 
     9:     <%= stylesheet_link_tag "application", "data-turbo-track": "reload" %>
    10:     <%# <%= javascript_importmap_tags %> %>
    11:     <%= javascript_pack_tag "application", "data-turbo-track": "reload" %>
    12:   </head>
    13: 
    14:   <body>
  
app/views/layouts/application.html.erb:11
Started GET "/" for ::1 at 2022-09-20 03:24:08 +0100
Processing by GreetingsController#index as HTML
  Rendering layout layouts/application.html.erb
  Rendering greetings/index.html.erb within layouts/application
  Rendered greetings/index.html.erb within layouts/application (Duration: 1.2ms | Allocations: 122)
  Rendered layout layouts/application.html.erb (Duration: 39.8ms | Allocations: 6105)
Completed 500 Internal Server Error in 47ms (Allocations: 6863)


  
ActionView::Template::Error (undefined method `javascript_pack_tag' for #<ActionView::Base:0x00000000011ff8>

    '.freeze;@output_buffer.append=( javascript_pack_tag "application" );@output_buffer.safe_append='
                                     ^^^^^^^^^^^^^^^^^^^
Did you mean?  javascript_path
               javascript_tag):
     8: 
     9:     <%= stylesheet_link_tag "application", "data-turbo-track": "reload" %>
    10:     <%# <%= javascript_importmap_tags %> %>
    11:     <%= javascript_pack_tag "application" %>
    12:   </head>
    13: 
    14:   <body>
  
app/views/layouts/application.html.erb:11
Started GET "/" for ::1 at 2022-09-20 03:24:08 +0100
Processing by GreetingsController#index as HTML
  Rendering layout layouts/application.html.erb
  Rendering greetings/index.html.erb within layouts/application
  Rendered greetings/index.html.erb within layouts/application (Duration: 0.0ms | Allocations: 7)
  Rendered layout layouts/application.html.erb (Duration: 24.1ms | Allocations: 6570)
Completed 500 Internal Server Error in 25ms (Allocations: 6846)


  
ActionView::Template::Error (undefined method `javascript_pack_tag' for #<ActionView::Base:0x000000000120c0>

    '.freeze;@output_buffer.append=( javascript_pack_tag "application" );@output_buffer.safe_append='
                                     ^^^^^^^^^^^^^^^^^^^
Did you mean?  javascript_path
               javascript_tag):
     8: 
     9:     <%= stylesheet_link_tag "application", "data-turbo-track": "reload" %>
    10:     <%# <%= javascript_importmap_tags %> %>
    11:     <%= javascript_pack_tag "application" %>
    12:   </head>
    13: 
    14:   <body>
  
app/views/layouts/application.html.erb:11
Started GET "/" for ::1 at 2022-09-20 03:24:09 +0100
Processing by GreetingsController#index as HTML
  Rendering layout layouts/application.html.erb
  Rendering greetings/index.html.erb within layouts/application
  Rendered greetings/index.html.erb within layouts/application (Duration: 0.1ms | Allocations: 7)
  Rendered layout layouts/application.html.erb (Duration: 22.4ms | Allocations: 5481)
Completed 500 Internal Server Error in 23ms (Allocations: 5690)


  
ActionView::Template::Error (undefined method `javascript_pack_tag' for #<ActionView::Base:0x000000000125e8>

    '.freeze;@output_buffer.append=( javascript_pack_tag "application" );@output_buffer.safe_append='
                                     ^^^^^^^^^^^^^^^^^^^
Did you mean?  javascript_path
               javascript_tag):
     8: 
     9:     <%= stylesheet_link_tag "application", "data-turbo-track": "reload" %>
    10:     <%# <%= javascript_importmap_tags %> %>
    11:     <%= javascript_pack_tag "application" %>
    12:   </head>
    13: 
    14:   <body>
  
app/views/layouts/application.html.erb:11
Started GET "/" for ::1 at 2022-09-20 03:24:09 +0100
Processing by GreetingsController#index as HTML
  Rendering layout layouts/application.html.erb
  Rendering greetings/index.html.erb within layouts/application
  Rendered greetings/index.html.erb within layouts/application (Duration: 0.0ms | Allocations: 7)
  Rendered layout layouts/application.html.erb (Duration: 22.4ms | Allocations: 5481)
Completed 500 Internal Server Error in 24ms (Allocations: 5690)


  
ActionView::Template::Error (undefined method `javascript_pack_tag' for #<ActionView::Base:0x000000000128b8>

    '.freeze;@output_buffer.append=( javascript_pack_tag "application" );@output_buffer.safe_append='
                                     ^^^^^^^^^^^^^^^^^^^
Did you mean?  javascript_path
               javascript_tag):
     8: 
     9:     <%= stylesheet_link_tag "application", "data-turbo-track": "reload" %>
    10:     <%# <%= javascript_importmap_tags %> %>
    11:     <%= javascript_pack_tag "application" %>
    12:   </head>
    13: 
    14:   <body>
  
app/views/layouts/application.html.erb:11
Started GET "/" for ::1 at 2022-09-20 03:25:09 +0100
Processing by GreetingsController#index as HTML
  Rendering layout layouts/application.html.erb
  Rendering greetings/index.html.erb within layouts/application
  Rendered greetings/index.html.erb within layouts/application (Duration: 1.3ms | Allocations: 122)
  Rendered layout layouts/application.html.erb (Duration: 37.5ms | Allocations: 5959)
Completed 500 Internal Server Error in 51ms (Allocations: 6717)


  
ActionView::Template::Error (undefined method `react_component' for #<ActionView::Base:0x00000000012c00>

    '.freeze;@output_buffer.append=( react_component("HelloWorld", { name: "React" }) );@output_buffer.safe_append='
                                     ^^^^^^^^^^^^^^^):
    10:   </head>
    11: 
    12:   <body>
    13:     <%= react_component("HelloWorld", { name: "React" }) %>
    14:     <%= yield %>
    15:   </body>
    16: </html>
  
app/views/layouts/application.html.erb:13
Started GET "/" for ::1 at 2022-09-20 03:25:10 +0100
Processing by GreetingsController#index as HTML
  Rendering layout layouts/application.html.erb
  Rendering greetings/index.html.erb within layouts/application
  Rendered greetings/index.html.erb within layouts/application (Duration: 0.1ms | Allocations: 7)
  Rendered layout layouts/application.html.erb (Duration: 21.1ms | Allocations: 5373)
Completed 500 Internal Server Error in 22ms (Allocations: 5599)


  
ActionView::Template::Error (undefined method `react_component' for #<ActionView::Base:0x00000000012f20>

    '.freeze;@output_buffer.append=( react_component("HelloWorld", { name: "React" }) );@output_buffer.safe_append='
                                     ^^^^^^^^^^^^^^^):
    10:   </head>
    11: 
    12:   <body>
    13:     <%= react_component("HelloWorld", { name: "React" }) %>
    14:     <%= yield %>
    15:   </body>
    16: </html>
  
app/views/layouts/application.html.erb:13
Started GET "/" for ::1 at 2022-09-20 03:25:11 +0100
Processing by GreetingsController#index as HTML
  Rendering layout layouts/application.html.erb
  Rendering greetings/index.html.erb within layouts/application
  Rendered greetings/index.html.erb within layouts/application (Duration: 0.1ms | Allocations: 7)
  Rendered layout layouts/application.html.erb (Duration: 23.9ms | Allocations: 5373)
Completed 500 Internal Server Error in 25ms (Allocations: 5582)


  
ActionView::Template::Error (undefined method `react_component' for #<ActionView::Base:0x000000000131f0>

    '.freeze;@output_buffer.append=( react_component("HelloWorld", { name: "React" }) );@output_buffer.safe_append='
                                     ^^^^^^^^^^^^^^^):
    10:   </head>
    11: 
    12:   <body>
    13:     <%= react_component("HelloWorld", { name: "React" }) %>
    14:     <%= yield %>
    15:   </body>
    16: </html>
  
app/views/layouts/application.html.erb:13
Started GET "/" for ::1 at 2022-09-20 03:25:33 +0100
Processing by GreetingsController#index as HTML
  Rendering layout layouts/application.html.erb
  Rendering greetings/index.html.erb within layouts/application
  Rendered greetings/index.html.erb within layouts/application (Duration: 1.3ms | Allocations: 122)
  Rendered layout layouts/application.html.erb (Duration: 35.2ms | Allocations: 6397)
Completed 500 Internal Server Error in 43ms (Allocations: 7155)


  
ActionView::Template::Error (undefined local variable or method `javascript_importmap_tags' for #<ActionView::Base:0x00000000013538>

    '.freeze;@output_buffer.append=( javascript_importmap_tags );@output_buffer.safe_append='
                                     ^^^^^^^^^^^^^^^^^^^^^^^^^
Did you mean?  javascript_tag):
     7:     <%= csp_meta_tag %>
     8: 
     9:     <%= stylesheet_link_tag "application", "data-turbo-track": "reload" %>
    10:     <%= javascript_importmap_tags %>
    11:     <%= javascript_pack_tag "application", "data-turbo-track": "reload" %>
    12:   </head>
    13: 
  
app/views/layouts/application.html.erb:10
Started GET "/" for ::1 at 2022-09-20 03:25:33 +0100
Started GET "/" for ::1 at 2022-09-20 03:25:33 +0100
Processing by GreetingsController#index as HTML
  Rendering layout layouts/application.html.erb
  Rendering greetings/index.html.erb within layouts/application
  Rendered greetings/index.html.erb within layouts/application (Duration: 0.0ms | Allocations: 7)
Processing by GreetingsController#index as HTML
  Rendered layout layouts/application.html.erb (Duration: 40.9ms | Allocations: 6826)
Completed 500 Internal Server Error in 42ms (Allocations: 7300)


  Rendering layout layouts/application.html.erb
  Rendering greetings/index.html.erb within layouts/application
  Rendered greetings/index.html.erb within layouts/application (Duration: 0.0ms | Allocations: 7)
  
ActionView::Template::Error (undefined local variable or method `javascript_importmap_tags' for #<ActionView::Base:0x00000000013628>

    '.freeze;@output_buffer.append=( javascript_importmap_tags );@output_buffer.safe_append='
                                     ^^^^^^^^^^^^^^^^^^^^^^^^^
Did you mean?  javascript_tag):
     7:     <%= csp_meta_tag %>
     8: 
     9:     <%= stylesheet_link_tag "application", "data-turbo-track": "reload" %>
    10:     <%= javascript_importmap_tags %>
    11:     <%= javascript_pack_tag "application", "data-turbo-track": "reload" %>
    12:   </head>
    13: 
  
app/views/layouts/application.html.erb:10
  Rendered layout layouts/application.html.erb (Duration: 312.3ms | Allocations: 160163)
Completed 500 Internal Server Error in 315ms (Allocations: 161915)


  
ActionView::Template::Error (undefined local variable or method `javascript_importmap_tags' for #<ActionView::Base:0x00000000013678>

    '.freeze;@output_buffer.append=( javascript_importmap_tags );@output_buffer.safe_append='
                                     ^^^^^^^^^^^^^^^^^^^^^^^^^
Did you mean?  javascript_tag):
     7:     <%= csp_meta_tag %>
     8: 
     9:     <%= stylesheet_link_tag "application", "data-turbo-track": "reload" %>
    10:     <%= javascript_importmap_tags %>
    11:     <%= javascript_pack_tag "application", "data-turbo-track": "reload" %>
    12:   </head>
    13: 
  
app/views/layouts/application.html.erb:10
